 = kraken x mercadobitcoin = 
EUR:BRL : 4.51
+---------+--------------------+---------------------+--------+--------+
| Coin    | BRL->€             | €->BRL              | Diff % |        |
+---------+--------------------+---------------------+--------+--------+
| BTC     | 29500.0 -> 6541.02 | 6395.4 -> 28843.254 | 2.28   |        |
+---------+--------------------+---------------------+--------+--------+
| Buying  | Ammount            | BRL                 | Diff % | Profit |
+---------+--------------------+---------------------+--------+--------+
| 29500.0 | 0.0338983          | 1000.0              | 2.28   | 22.8   |
+---------+--------------------+---------------------+--------+--------+
| 29440.0 | 0.00442224         | 130.19              | 2.07   | 2.69   |
+---------+--------------------+---------------------+--------+--------+
| 29430.0 | 0.00396872         | 116.8               | 2.03   | 2.37   |
+---------+--------------------+---------------------+--------+--------+
| 29430.0 | 0.00319905         | 94.15               | 2.03   | 1.91   |
+---------+--------------------+---------------------+--------+--------+
| 29430.0 | 0.00268304         | 78.96               | 2.03   | 1.6    |
+---------+--------------------+---------------------+--------+--------+
| 29410.0 | 0.0030825          | 90.66               | 1.96   | 1.78   |
+---------+--------------------+---------------------+--------+--------+
| 29410.0 | 0.0026556          | 78.1                | 1.96   | 1.53   |
+---------+--------------------+---------------------+--------+--------+
| 29410.0 | 0.0016432          | 48.33               | 1.96   | 0.95   |
+---------+--------------------+---------------------+--------+--------+
| 29410.0 | 0.00080506         | 23.68               | 1.96   | 0.46   |
+---------+--------------------+---------------------+--------+--------+
| 29410.0 | 0.0049162          | 144.59              | 1.96   | 2.83   |
+---------+--------------------+---------------------+--------+--------+
| 29410.0 | 0.00172571         | 50.75               | 1.96   | 0.99   |
+---------+--------------------+---------------------+--------+--------+
| 29410.0 | 0.00125705         | 36.97               | 1.96   | 0.72   |
+---------+--------------------+---------------------+--------+--------+
| 29410.0 | 0.00147865         | 43.49               | 1.96   | 0.85   |
+---------+--------------------+---------------------+--------+--------+
| 29410.0 | 0.00369495         | 108.67              | 1.96   | 2.13   |
+---------+--------------------+---------------------+--------+--------+
| 29400.0 | 0.06802721         | 2000.0              | 1.93   | 38.6   |
+---------+--------------------+---------------------+--------+--------+
| 29400.0 | 0.00480512         | 141.27              | 1.93   | 2.73   |
+---------+--------------------+---------------------+--------+--------+
| 29400.0 | 0.00066404         | 19.52               | 1.93   | 0.38   |
+---------+--------------------+---------------------+--------+--------+
| 29400.0 | 0.00209531         | 61.6                | 1.93   | 1.19   |
+---------+--------------------+---------------------+--------+--------+
| 29400.0 | 0.0014736          | 43.32               | 1.93   | 0.84   |
+---------+--------------------+---------------------+--------+--------+
| 29400.0 | 0.00341414         | 100.38              | 1.93   | 1.94   |
+---------+--------------------+---------------------+--------+--------+
| 29400.0 | 0.00387204         | 113.84              | 1.93   | 2.2    |
+---------+--------------------+---------------------+--------+--------+
| 29400.0 | 0.00324722         | 95.47               | 1.93   | 1.84   |
+---------+--------------------+---------------------+--------+--------+
| 29400.0 | 0.00130886         | 38.48               | 1.93   | 0.74   |
+---------+--------------------+---------------------+--------+--------+
| 29400.0 | 0.00453385         | 133.3               | 1.93   | 2.57   |
+---------+--------------------+---------------------+--------+--------+
| 29400.0 | 0.001258           | 36.99               | 1.93   | 0.71   |
+---------+--------------------+---------------------+--------+--------+
| 29400.0 | 0.001451           | 42.66               | 1.93   | 0.82   |
+---------+--------------------+---------------------+--------+--------+
| 29400.0 | 0.00471949         | 138.75              | 1.93   | 2.68   |
+---------+--------------------+---------------------+--------+--------+
| 29400.0 | 0.00371942         | 109.35              | 1.93   | 2.11   |
+---------+--------------------+---------------------+--------+--------+
| 29400.0 | 0.00237519         | 69.83               | 1.93   | 1.35   |
+---------+--------------------+---------------------+--------+--------+
| 29390.0 | 0.00328934         | 96.67               | 1.9    | 1.84   |
+---------+--------------------+---------------------+--------+--------+
| 29390.0 | 0.00301783         | 88.69               | 1.9    | 1.69   |
+---------+--------------------+---------------------+--------+--------+
| 29390.0 | 0.00261581         | 76.88               | 1.9    | 1.46   |
+---------+--------------------+---------------------+--------+--------+
| 29390.0 | 0.00089906         | 26.42               | 1.9    | 0.5    |
+---------+--------------------+---------------------+--------+--------+
| 29390.0 | 0.00174163         | 51.19               | 1.9    | 0.97   |
+---------+--------------------+---------------------+--------+--------+
| 29390.0 | 0.00263847         | 77.54               | 1.9    | 1.47   |
+---------+--------------------+---------------------+--------+--------+
| 29380.0 | 0.00482208         | 141.67              | 1.86   | 2.64   |
+---------+--------------------+---------------------+--------+--------+
| 29380.0 | 0.00491699         | 144.46              | 1.86   | 2.69   |
+---------+--------------------+---------------------+--------+--------+
| 29380.0 | 0.00077307         | 22.71               | 1.86   | 0.42   |
+---------+--------------------+---------------------+--------+--------+
| 29380.0 | 0.00499858         | 146.86              | 1.86   | 2.73   |
+---------+--------------------+---------------------+--------+--------+
| 29380.0 | 0.00268455         | 78.87               | 1.86   | 1.47   |
+---------+--------------------+---------------------+--------+--------+
| 29370.0 | 0.00407762         | 119.76              | 1.83   | 2.19   |
+---------+--------------------+---------------------+--------+--------+
| 29370.0 | 0.00414101         | 121.62              | 1.83   | 2.23   |
+---------+--------------------+---------------------+--------+--------+
| 29370.0 | 0.00238066         | 69.92               | 1.83   | 1.28   |
+---------+--------------------+---------------------+--------+--------+
| 29370.0 | 0.00365914         | 107.47              | 1.83   | 1.97   |
+---------+--------------------+---------------------+--------+--------+
| 29360.0 | 0.00161822         | 47.51               | 1.79   | 0.85   |
+---------+--------------------+---------------------+--------+--------+
| 29340.0 | 0.00341949         | 100.33              | 1.72   | 1.73   |
+---------+--------------------+---------------------+--------+--------+
| 29340.0 | 0.00227311         | 66.69               | 1.72   | 1.15   |
+---------+--------------------+---------------------+--------+--------+
| 29310.0 | 0.0048604          | 142.46              | 1.62   | 2.31   |
+---------+--------------------+---------------------+--------+--------+
| 29300.0 | 0.05119453         | 1500.0              | 1.58   | 23.7   |
+---------+--------------------+---------------------+--------+--------+
| 29250.0 | 0.0037726          | 110.35              | 1.41   | 1.56   |
+---------+--------------------+---------------------+--------+--------+
| 29240.0 | 0.00433101         | 126.64              | 1.38   | 1.75   |
+---------+--------------------+---------------------+--------+--------+
| 29230.0 | 0.00084619         | 24.73               | 1.34   | 0.33   |
+---------+--------------------+---------------------+--------+--------+
| 29230.0 | 0.00209873         | 61.35               | 1.34   | 0.82   |
+---------+--------------------+---------------------+--------+--------+
| 29220.0 | 0.00493669         | 144.25              | 1.31   | 1.89   |
+---------+--------------------+---------------------+--------+--------+
| 29220.0 | 0.00271674         | 79.38               | 1.31   | 1.04   |
+---------+--------------------+---------------------+--------+--------+
| 29220.0 | 0.00103819         | 30.34               | 1.31   | 0.4    |
+---------+--------------------+---------------------+--------+--------+
| 29220.0 | 0.00163589         | 47.8                | 1.31   | 0.63   |
+---------+--------------------+---------------------+--------+--------+
| 29220.0 | 0.00155659         | 45.48               | 1.31   | 0.6    |
+---------+--------------------+---------------------+--------+--------+
| 29220.0 | 0.00248891         | 72.73               | 1.31   | 0.95   |
+---------+--------------------+---------------------+--------+--------+
| 29210.0 | 0.00493468         | 144.14              | 1.27   | 1.83   |
+---------+--------------------+---------------------+--------+--------+
| 29210.0 | 0.00178082         | 52.02               | 1.27   | 0.66   |
+---------+--------------------+---------------------+--------+--------+
| 29210.0 | 0.00263204         | 76.88               | 1.27   | 0.98   |
+---------+--------------------+---------------------+--------+--------+
| 29210.0 | 0.00462767         | 135.17              | 1.27   | 1.72   |
+---------+--------------------+---------------------+--------+--------+
| 29210.0 | 0.00338985         | 99.02               | 1.27   | 1.26   |
+---------+--------------------+---------------------+--------+--------+
| 29210.0 | 0.00187295         | 54.71               | 1.27   | 0.69   |
+---------+--------------------+---------------------+--------+--------+
| 29210.0 | 0.00278892         | 81.46               | 1.27   | 1.03   |
+---------+--------------------+---------------------+--------+--------+
| 29210.0 | 0.00054685         | 15.97               | 1.27   | 0.2    |
+---------+--------------------+---------------------+--------+--------+
| 29200.0 | 0.00302074         | 88.21               | 1.24   | 1.09   |
+---------+--------------------+---------------------+--------+--------+
| 29200.0 | 0.00439534         | 128.34              | 1.24   | 1.59   |
+---------+--------------------+---------------------+--------+--------+
| 29200.0 | 0.00347375         | 101.43              | 1.24   | 1.26   |
+---------+--------------------+---------------------+--------+--------+
| 29200.0 | 0.002736           | 79.89               | 1.24   | 0.99   |
+---------+--------------------+---------------------+--------+--------+
| 29200.0 | 0.03424657         | 1000.0              | 1.24   | 12.4   |
+---------+--------------------+---------------------+--------+--------+
| 29200.0 | 0.00167208         | 48.82               | 1.24   | 0.61   |
+---------+--------------------+---------------------+--------+--------+
| 29190.0 | 0.00164478         | 48.01               | 1.2    | 0.58   |
+---------+--------------------+---------------------+--------+--------+
| 29190.0 | 0.00384711         | 112.3               | 1.2    | 1.35   |
+---------+--------------------+---------------------+--------+--------+
| 29190.0 | 0.00216209         | 63.11               | 1.2    | 0.76   |
+---------+--------------------+---------------------+--------+--------+
| 29190.0 | 0.0012053          | 35.18               | 1.2    | 0.42   |
+---------+--------------------+---------------------+--------+--------+
| 29180.0 | 0.00083191         | 24.28               | 1.17   | 0.28   |
+---------+--------------------+---------------------+--------+--------+
| 29180.0 | 0.0035297          | 103.0               | 1.17   | 1.21   |
+---------+--------------------+---------------------+--------+--------+
| 29180.0 | 0.00371082         | 108.28              | 1.17   | 1.27   |
+---------+--------------------+---------------------+--------+--------+
| 29170.0 | 0.00498899         | 145.53              | 1.13   | 1.64   |
+---------+--------------------+---------------------+--------+--------+
| 29000.0 | 0.08620689         | 2500.0              | 0.54   | 13.5   |
+---------+--------------------+---------------------+--------+--------+
| 29000.0 | 0.06896551         | 2000.0              | 0.54   | 10.8   |
+---------+--------------------+---------------------+--------+--------+
| Total   | 0.5610492500000003 | 16406.63            | 1.63   | 267.43 |
+---------+--------------------+---------------------+--------+--------+

+--------+-------------------+--------------------+--------+--------+
| Coin   | BRL->€            | €->BRL             | Diff % |        |
+--------+-------------------+--------------------+--------+--------+
| ETH    | 540.0 -> 119.7339 | 115.92 -> 522.7992 | 3.29   |        |
+--------+-------------------+--------------------+--------+--------+
| Buying | Ammount           | BRL                | Diff % | Profit |
+--------+-------------------+--------------------+--------+--------+

+--------+------------------+-------------------+--------+--------+
| Coin   | BRL->€           | €->BRL            | Diff % |        |
+--------+------------------+-------------------+--------+--------+
| LTC    | 240.0 -> 53.2151 | 36.96 -> 166.6896 | 43.98  |        |
+--------+------------------+-------------------+--------+--------+
| Buying | Ammount          | BRL               | Diff % | Profit |
+--------+------------------+-------------------+--------+--------+
| 190.0  | 0.52631578       | 100.0             | 13.98  | 13.98  |
+--------+------------------+-------------------+--------+--------+
| Total  | 0.52631578       | 100.0             | 13.98  | 13.98  |
+--------+------------------+-------------------+--------+--------+

+--------+-------------------+------------------+--------+--------+
| Coin   | BRL->€            | €->BRL           | Diff % |        |
+--------+-------------------+------------------+--------+--------+
| BCH    | 823.0 -> 182.4834 | 181.5 -> 818.565 | 0.54   |        |
+--------+-------------------+------------------+--------+--------+
| Buying | Ammount           | BRL              | Diff % | Profit |
+--------+-------------------+------------------+--------+--------+
| 823.0  | 0.14122866        | 116.23           | 0.54   | 0.63   |
+--------+-------------------+------------------+--------+--------+
| Total  | 0.14122866        | 116.23           | 0.54   | 0.63   |
+--------+-------------------+------------------+--------+--------+

+--------+------------------+--------------------+--------+--------+
| Coin   | BRL->€           | €->BRL             | Diff % |        |
+--------+------------------+--------------------+--------+--------+
| DASH   | 210.0 -> 46.5632 | 37.176 -> 167.6638 | 25.25  |        |
+--------+------------------+--------------------+--------+--------+
| Buying | Ammount          | BRL                | Diff % | Profit |
+--------+------------------+--------------------+--------+--------+
| 210.0  | 0.47619047       | 100.0              | 25.25  | 25.25  |
+--------+------------------+--------------------+--------+--------+
| Total  | 0.47619047       | 100.0              | 25.25  | 25.25  |
+--------+------------------+--------------------+--------+--------+

2020-01-02 00:12:24 UTC
